<?xml version="1.0" encoding="UTF-8"?>
<testsuite name="kr.ac.jejunu.user.LombokTests" tests="1" skipped="0" failures="0" errors="0" timestamp="2020-05-22T07:44:24" hostname="DESKTOP-6Q19RB3" time="0.02">
  <properties/>
  <testcase name="equals()" classname="kr.ac.jejunu.user.LombokTests" time="0.02"/>
  <system-out><![CDATA[]]></system-out>
  <system-err><![CDATA[]]></system-err>
</testsuite>
